Determining if the prototype qsort_r exists for HAVE_QSORT_R_GNU failed with the following output:
Change Dir: /Users/vin/Downloads/libgit2-master/build/CMakeFiles/CMakeTmp

Run Build Command(s):/usr/bin/xcodebuild -project CMAKE_TRY_COMPILE.xcodeproj build -target cmTC_38450 -configuration Debug -hideShellScriptEnvironment 
User defaults from command line:
    HideShellScriptEnvironment = YES

Prepare build
note: Using legacy build system

=== BUILD TARGET cmTC_38450 OF PROJECT CMAKE_TRY_COMPILE WITH CONFIGURATION Debug ===

Check dependencies

Write auxiliary files
/bin/mkdir -p /Users/vin/Downloads/libgit2-master/build/CMakeFiles/CMakeTmp/CMAKE_TRY_COMPILE.build/Debug/cmTC_38450.build/Objects-normal/x86_64
write-file /Users/vin/Downloads/libgit2-master/build/CMakeFiles/CMakeTmp/CMAKE_TRY_COMPILE.build/Debug/cmTC_38450.build/Objects-normal/x86_64/cmTC_38450.LinkFileList

CompileC CMAKE_TRY_COMPILE.build/Debug/cmTC_38450.build/Objects-normal/x86_64/CheckPrototypeDefinition.o CheckPrototypeDefinition.c normal x86_64 c com.apple.compilers.llvm.clang.1_0.compiler
    cd /Users/vin/Downloads/libgit2-master/build/CMakeFiles/CMakeTmp
    /Applications/Xcode.app/Contents/Developer/Toolchains/XcodeDefault.xctoolchain/usr/bin/clang -x c -arch x86_64 -fmessage-length=0 -fdiagnostics-show-note-include-stack -fmacro-backtrace-limit=0 -Wno-trigraphs -fpascal-strings -O0 -Wno-missing-field-initializers -Wno-missing-prototypes -Wno-return-type -Wno-missing-braces -Wparentheses -Wswitch -Wno-unused-function -Wno-unused-label -Wno-unused-parameter -Wno-unused-variable -Wunused-value -Wno-empty-body -Wno-uninitialized -Wno-unknown-pragmas -Wno-shadow -Wno-four-char-constants -Wno-conversion -Wno-constant-conversion -Wno-int-conversion -Wno-bool-conversion -Wno-enum-conversion -Wno-float-conversion -Wno-non-literal-null-conversion -Wno-objc-literal-conversion -Wno-shorten-64-to-32 -Wpointer-sign -Wno-newline-eof -DCMAKE_INTDIR=\"Debug\" -isysroot /Applications/Xcode.app/Contents/Developer/Platforms/MacOSX.platform/Developer/SDKs/MacOSX10.14.sdk -fasm-blocks -fstrict-aliasing -Wdeprecated-declarations -mmacosx-version-min=10.14 -g -Wno-sign-conversion -Wno-infinite-recursion -Wno-comma -Wno-block-capture-autoreleasing -Wno-strict-prototypes -Wno-semicolon-before-method-body -I/Users/vin/Downloads/libgit2-master/build/CMakeFiles/CMakeTmp/Debug/include -I/Users/vin/Downloads/libgit2-master/build/CMakeFiles/CMakeTmp/CMAKE_TRY_COMPILE.build/Debug/cmTC_38450.build/DerivedSources/x86_64 -I/Users/vin/Downloads/libgit2-master/build/CMakeFiles/CMakeTmp/CMAKE_TRY_COMPILE.build/Debug/cmTC_38450.build/DerivedSources -Wmost -Wno-four-char-constants -Wno-unknown-pragmas -F/Users/vin/Downloads/libgit2-master/build/CMakeFiles/CMakeTmp/Debug -D_GNU_SOURCE -Wall -Wextra -Wdocumentation -Wno-missing-field-initializers -Wstrict-aliasing -Wstrict-prototypes -Wdeclaration-after-statement -Wshift-count-overflow -Wunused-const-variable -Wunused-function -Wformat -Wformat-security -Wint-conversion -Wno-documentation-deprecated-sync -MMD -MT dependencies -MF /Users/vin/Downloads/libgit2-master/build/CMakeFiles/CMakeTmp/CMAKE_TRY_COMPILE.build/Debug/cmTC_38450.build/Objects-normal/x86_64/CheckPrototypeDefinition.d --serialize-diagnostics /Users/vin/Downloads/libgit2-master/build/CMakeFiles/CMakeTmp/CMAKE_TRY_COMPILE.build/Debug/cmTC_38450.build/Objects-normal/x86_64/CheckPrototypeDefinition.dia -c /Users/vin/Downloads/libgit2-master/build/CMakeFiles/CMakeTmp/CheckPrototypeDefinition.c -o /Users/vin/Downloads/libgit2-master/build/CMakeFiles/CMakeTmp/CMAKE_TRY_COMPILE.build/Debug/cmTC_38450.build/Objects-normal/x86_64/CheckPrototypeDefinition.o
/Users/vin/Downloads/libgit2-master/build/CMakeFiles/CMakeTmp/CheckPrototypeDefinition.c:14:6: error: conflicting types for 'qsort_r'
void qsort_r(void *base, size_t nmemb, size_t size, int (*compar)(const void *, const void *, void *), void *arg) {
     ^
In file included from /Users/vin/Downloads/libgit2-master/build/CMakeFiles/CMakeTmp/CheckPrototypeDefinition.c:1:
/Applications/Xcode.app/Contents/Developer/Platforms/MacOSX.platform/Developer/SDKs/MacOSX10.14.sdk/usr/include/stdlib.h:325:7: note: previous declaration is here
void     qsort_r(void *__base, size_t __nel, size_t __width, void *,
         ^
1 error generated.

** BUILD FAILED **


The following build commands failed:
	CompileC CMAKE_TRY_COMPILE.build/Debug/cmTC_38450.build/Objects-normal/x86_64/CheckPrototypeDefinition.o CheckPrototypeDefinition.c normal x86_64 c com.apple.compilers.llvm.clang.1_0.compiler
(1 failure)


#include <stdlib.h>


static void cmakeRequireSymbol(int dummy, ...) {
  (void) dummy;
}

static void checkSymbol(void) {
#ifndef qsort_r
  cmakeRequireSymbol(0, &qsort_r);
#endif
}

void qsort_r(void *base, size_t nmemb, size_t size, int (*compar)(const void *, const void *, void *), void *arg) {
  return ;
}

#ifdef __CLASSIC_C__
int main() {
  int ac;
  char*av[];
#else
int main(int ac, char *av[]) {
#endif
  checkSymbol();
  if (ac > 1000) {
    return *av[0];
  }
  return 0;
}


